<?xml version="1.0" encoding="UTF-8"?>
<!-- Generated by org.testng.reporters.JUnitReportReporter -->
<testsuite skipped="0" hostname="Namana-L" name="com.epay.cases.TestClass" tests="2" failures="0" timestamp="20 Jul 2017 09:23:35 GMT" time="20.492" errors="0">
  <testcase name="getTitleofHomePage" time="10.549" classname="com.epay.cases.TestClass"/>
  <testcase name="getTitleofContactPage" time="9.943" classname="com.epay.cases.TestClass"/>
</testsuite> <!-- com.epay.cases.TestClass -->
